[debug] [2019-01-29T13:01:20.464Z] ----------------------------------------------------------------------
[debug] [2019-01-29T13:01:20.466Z] Command:       C:\Program Files\nodejs\node.exe C:\Users\andreia.bita\AppData\Roaming\npm\node_modules\firebase-tools\lib\bin\firebase.js init functions
[debug] [2019-01-29T13:01:20.466Z] CLI Version:   6.3.0
[debug] [2019-01-29T13:01:20.466Z] Platform:      win32
[debug] [2019-01-29T13:01:20.466Z] Node Version:  v11.6.0
[debug] [2019-01-29T13:01:20.467Z] Time:          Tue Jan 29 2019 15:01:20 GMT+0200 (Eastern European Standard Time)
[debug] [2019-01-29T13:01:20.467Z] ----------------------------------------------------------------------
[debug] 
[debug] [2019-01-29T13:01:20.482Z] > command requires scopes: ["email","openid","https://www.googleapis.com/auth/cloudplatformprojects.readonly","https://www.googleapis.com/auth/firebase","https://www.googleapis.com/auth/cloud-platform"]
[debug] [2019-01-29T13:01:20.482Z] > authorizing via signed-in user
[info] 
     ######## #### ########  ######## ########     ###     ######  ########
     ##        ##  ##     ## ##       ##     ##  ##   ##  ##       ##
     ######    ##  ########  ######   ########  #########  ######  ######
     ##        ##  ##    ##  ##       ##     ## ##     ##       ## ##
     ##       #### ##     ## ######## ########  ##     ##  ######  ########

You're about to initialize a Firebase project in this directory:

  E:\vue-firebase\vue-chat

Before we get started, keep in mind:

  * You are initializing in an existing Firebase project directory

